<?xml version="1.0" encoding="UTF-8"?>
<testsuite name="ru.selenium.first_test" tests="1" skipped="0" failures="0" errors="0" timestamp="2019-07-04T14:18:11" hostname="ozaozerova" time="5.961">
  <properties/>
  <testcase name="test" classname="ru.selenium.first_test" time="5.961"/>
  <system-out><![CDATA[]]></system-out>
  <system-err><![CDATA[Starting ChromeDriver 75.0.3770.90 (a6dcaf7e3ec6f70a194cc25e8149475c6590e025-refs/branch-heads/3770@{#1003}) on port 29853
Only local connections are allowed.
Please protect ports used by ChromeDriver and related test frameworks to prevent access by malicious code.
июл. 04, 2019 5:18:13 PM org.openqa.selenium.remote.ProtocolHandshake createSession
INFO: Detected dialect: W3C
]]></system-err>
</testsuite>
